<?xml version="1.0" encoding="UTF-8"?>
<!-- Generated by org.testng.reporters.JUnitReportReporter -->
<testsuite hostname="hyd-vsharma1" name="com.epam.scenarios.RegionalExhibit" tests="1" failures="0" timestamp="17 Nov 2016 19:29:56 GMT" time="274.004" errors="0">
  <testcase name="regionalExhibit" time="274.004" classname="com.epam.scenarios.RegionalExhibit"/>
</testsuite> <!-- com.epam.scenarios.RegionalExhibit -->
