<?xml version="1.0" encoding="UTF-8"?>
<!-- Generated by org.testng.reporters.JUnitReportReporter -->
<testsuite hostname="hyd-vsharma1" name="com.epam.scenarios.SuperTests" tests="1" failures="0" timestamp="12 Oct 2016 07:54:33 GMT" time="6.459" errors="0">
  <testcase name="test" time="6.459" classname="com.epam.scenarios.SuperTests"/>
</testsuite> <!-- com.epam.scenarios.SuperTests -->
