<?xml version="1.0" encoding="UTF-8"?>
<!-- Generated by org.testng.reporters.JUnitReportReporter -->
<testsuite hostname="hyd-vsharma1" name="com.epam.scenarios.FeedsValidationScenario" tests="1" failures="0" timestamp="17 Nov 2016 21:01:56 GMT" time="70.039" errors="0">
  <testcase name="feeds" time="70.039" classname="com.epam.scenarios.FeedsValidationScenario"/>
</testsuite> <!-- com.epam.scenarios.FeedsValidationScenario -->
