<?xml version="1.0" encoding="UTF-8"?>
<!-- Generated by org.testng.reporters.JUnitReportReporter -->
<testsuite hostname="hyd-vsharma1" name="com.epam.scenarios.EmployeeEducationScenario" tests="1" failures="0" timestamp="18 Nov 2016 07:43:37 GMT" time="480.630" errors="0">
  <testcase name="employeeEducationProgram" time="480.630" classname="com.epam.scenarios.EmployeeEducationScenario"/>
</testsuite> <!-- com.epam.scenarios.EmployeeEducationScenario -->
