<?xml version="1.0" encoding="UTF-8"?>
<!-- Generated by org.testng.reporters.JUnitReportReporter -->
<testsuite hostname="hyd-vsharma1" name="com.epam.driver.SuperGroovyTest" tests="1" failures="0" timestamp="17 Oct 2016 10:03:14 GMT" time="8.402" errors="0">
  <testcase name="test" time="8.402" classname="com.epam.driver.SuperGroovyTest"/>
</testsuite> <!-- com.epam.driver.SuperGroovyTest -->
