<?xml version="1.0" encoding="UTF-8"?>
<!-- Generated by org.testng.reporters.JUnitReportReporter -->
<testsuite hostname="hyd-vsharma1" name="com.epam.driver.SuperGroovyTest" tests="1" failures="0" timestamp="21 Oct 2016 11:01:36 GMT" time="55.448" errors="0">
  <testcase name="test" time="55.448" classname="com.epam.driver.SuperGroovyTest"/>
</testsuite> <!-- com.epam.driver.SuperGroovyTest -->
