<?xml version="1.0" encoding="UTF-8"?>
<!-- Generated by org.testng.reporters.JUnitReportReporter -->
<testsuite hostname="hyd-vsharma1" name="com.epam.scenarios.SpeakerProgramGroovy" tests="1" failures="0" timestamp="12 Oct 2016 07:30:51 GMT" time="4.503" errors="0">
  <testcase name="speakerProgram" time="4.503" classname="com.epam.scenarios.SpeakerProgramGroovy"/>
</testsuite> <!-- com.epam.scenarios.SpeakerProgramGroovy -->
