<?xml version="1.0" encoding="UTF-8"?>
<!-- Generated by org.testng.reporters.JUnitReportReporter -->
<testsuite hostname="hyd-vsharma1" name="com.epam.scenarios.SpeakerProgramScenario" tests="1" failures="0" timestamp="17 Nov 2016 19:29:56 GMT" time="171.729" errors="0">
  <testcase name="speakerProgram" time="171.729" classname="com.epam.scenarios.SpeakerProgramScenario"/>
</testsuite> <!-- com.epam.scenarios.SpeakerProgramScenario -->
