<?xml version="1.0" encoding="UTF-8"?>
<!-- Generated by org.testng.reporters.JUnitReportReporter -->
<testsuite hostname="hyd-vsharma1" name="com.epam.scenarios.NegativeScenario" tests="1" failures="0" timestamp="18 Nov 2016 07:43:37 GMT" time="72.198" errors="0">
  <testcase name="employeeEducationMandatoryFields" time="72.198" classname="com.epam.scenarios.NegativeScenario"/>
</testsuite> <!-- com.epam.scenarios.NegativeScenario -->
